#+TITLE: subreddit postings
#+AUTHOR: Ning Stensal
#+DATE: 2020-03-02

* RPI 10k $8  (alive)
  https://reddit.com/r/RPI/comments/fcj23o/help_students_learn_c_and_data_structure_with/

* Clemson 10k $8 (alive)
  https://www.reddit.com/r/Clemson/comments/fcj2zp/help_students_learn_c_and_data_structure_with/

* OSU 29k $8 (deleted)
  https://www.reddit.com/r/OSU/comments/fcj3jk/help_students_learn_c_and_data_structure_with/

* PennStateuniversity 17k $8 (alive)
  https://www.reddit.com/r/PennStateUniversity/comments/fcj4f1/help_students_learn_c_and_data_structure_with/

* UCSD 33k $8 (deleted)
  https://www.reddit.com/r/UCSD/comments/fcj530/help_students_learn_c_and_data_structure_with

* UCF 41k $8 (alive)
  https://www.reddit.com/r/ucf/comments/fcj5hw/help_students_learn_c_and_data_structure_with/

#+DATE: 2020-03-03

* Rutgers 27k $8
  https://reddit.com/r/rutgers/comments/fcyvyo/help_students_learn_c_and_data_structure_with

* RIT 15k $8
  https://www.reddit.com/r/rit/comments/fcyszw/help_students_learn_c_and_data_structure_with/

* BostonU 6k $8
  https://www.reddit.com/r/BostonU/comments/fcyn2v/help_students_learn_c_and_data_structure_with/

* CUNY 1.8k $8
  https://reddit.com/r/CUNY/comments/fcykni/help_students_learn_c_and_data_structure_with/

* CarletonU 9k $8 d
  https://reddit.com/r/CarletonU/comments/fcycy9/help_students_learn_c_and_data_structure_with

* Drexel 6.6k $8
  https://reddit.com/r/Drexel/comments/fcy8q0/help_students_learn_c_and_data_structure_with

* Gamecocks 7k $8 d
  https://reddit.com/r/Gamecocks/comments/fcy1d5/help_students_learn_c_and_data_structure_with

#+DATE: 2020-03-04

* ColoradoSchoolOfMines 1.5k $8 d
  https://reddit.com/r/ColoradoSchoolOfMines/comments/fdi9ql/help_students_learn_c_and_data_structure_with

* LSU 7k $8 d
  https://reddit.com/r/LSU/comments/fdi8uy/help_students_learn_c_and_data_structure_with

* Lehigh 1k $8 
  https://reddit.com/r/Lehigh/comments/fdi7sq/help_students_learn_c_and_data_structure_with

* NEU 10k $8 d
  https://reddit.com/r/NEU/comments/fdi6r6/help_students_learn_c_and_data_structure_with

* NJTech 3k $8
  https://reddit.com/r/NJTech/comments/fdi509/help_students_learn_c_and_data_structure_with

* Northwestern 5k $8 d
  https://reddit.com/r/Northwestern/comments/fdi3wd/help_students_learn_c_and_data_structure_with

* OKState 4k $8 d
  https://reddit.com/r/OKState/comments/fdhr48/help_students_learn_c_and_data_structure_with

* OSUOnlineCS 3k $8
  https://reddit.com/r/OSUOnlineCS/comments/fdhq8p/help_students_learn_c_and_data_structure_with

#+DATE: 2020-03-05

* OregonStateUniv 5k 
  https://www.reddit.com/r/OregonStateUniv/comments/fdyvp6/help_students_learn_c_and_data_structure_with/

* Pitt 10k d
  https://reddit.com/r/Pitt/comments/fdyv6f/help_students_learn_c_and_data_structure_with/

* jmu 4k
  https://www.reddit.com/r/jmu/comments/fdyuma/help_students_learn_c_and_data_structure_with/

* Purdue 26k d
  https://reddit.com/r/Purdue/comments/fdyu5a/help_students_learn_c_and_data_structure_with/

* SJSU 7k
  https://www.reddit.com/r/SJSU/comments/fdytkg/help_students_learn_c_and_data_structure_with/

* uwaterloo 50k
  https://www.reddit.com/r/uwaterloo/comments/fdyt15/help_students_learn_c_and_data_structure_with/

* ufl 12k
  https://reddit.com/r/ufl/comments/fdysby/help_students_learn_c_and_data_structure_with/

* ucla 22k d
  https://www.reddit.com/r/ucla/comments/fdyrnw/help_students_learn_c_and_data_structure_with/

* berkeley 33k
  https://reddit.com/r/berkeley/comments/fdynol/help_students_learn_c_and_data_structure_with/

* floridatech 331
  https://reddit.com/r/floridatech/comments/fdyj67/help_students_learn_c_and_data_structure_with/

#+DATE: 2020-03-06

  Improve student's understanding of C and data structure with visualizing the execution of C code

* UBreddit 8k $8
  https://reddit.com/r/UBreddit/comments/fegzxm/improve_students_understanding_of_c_and_data/
 
* UCDavis 12k $8 d
  https://reddit.com/r/UCDavis/comments/feh0ou/improve_students_understanding_of_c_and_data/

* UCI 19k ?
  https://reddit.com/r/UCI/comments/feh1b9/improve_students_understanding_of_c_and_data/

* UCONN 9k $8
  https://reddit.com/r/UCONN/comments/feh1u3/improve_students_understanding_of_c_and_data/

* UCSantaBarbara 15k $8
  https://reddit.com/r/UCSantaBarbara/comments/feh2f1/improve_students_understanding_of_c_and_data/

* UGA 14k $8 d
  https://reddit.com/r/UGA/comments/feh2u1/improve_students_understanding_of_c_and_data/

* UMD 22k $8
  https://www.reddit.com/r/UMD/comments/feh3ie/improve_students_understanding_of_c_and_data/

* UNC 3k $8 d
  https://reddit.com/r/UNC/comments/fehame/improve_students_understanding_of_c_and_data/

* UofArizona 5k $8 d
  https://reddit.com/r/UofArizona/comments/fehbee/improve_students_understanding_of_c_and_data/

* byu 4k $8 d
  https://reddit.com/r/byu/comments/fehca0/improve_students_understanding_of_c_and_data/

* stevens 1k $8 
  https://reddit.com/r/stevens/comments/fehcxh/improve_students_understanding_of_c_and_data/

* snooers 11k $8
  https://reddit.com/r/sooners/comments/feherr/improve_students_understanding_of_c_and_data/

  Improve student's understanding of C and data structure with visualizing the execution of C code
* utdallas 13k $8 d
  https://reddit.com/r/utdallas/comments/fehfny/improve_students_understanding_of_c_and_data/

* ucmerced 1k $8
  https://reddit.com/r/ucmerced/comments/fehg9m/improve_students_understanding_of_c_and_data/

* UCSC $8 d
  https://reddit.com/r/UCSC/comments/feibr0/improve_students_understanding_of_c_and_data

* UBC 32k $8 d
  https://reddit.com/r/UBC/comments/feiceb/improve_students_understanding_of_c_and_data

#+DATA: 2020-03-07

  Help students learn C and data structure with visualizing the execution of C code
* Temple 
  https://www.reddit.com/r/Temple/comments/feyacd/help_students_learn_c_and_data_structure_with

* SBU 
  https://www.reddit.com/r/SBU/comments/fey3ai/help_students_learn_c_and_data_structure_with

* UWMadison d
  https://www.reddit.com/r/UWMadison/comments/feyb4j/help_students_learn_c_and_data_structure_with
  
* WPI 3k
  https://www.reddit.com/r/WPI/comments/feybn1/help_students_learn_c_and_data_structure_with/
  
* cuboulder 10k
  https://www.reddit.com/r/cuboulder/comments/feyc7a/help_students_learn_c_and_data_structure_with/

* gmu 9k
  https://www.reddit.com/r/gmu/comments/feycmd/help_students_learn_c_and_data_structure_with/

* uofm 17k
  https://www.reddit.com/r/uofm/comments/feydfx/help_students_learn_c_and_data_structure_with/  


#+DATA: 2020-03-08

* UniversityofArkansas d
  https://www.reddit.com/r/UniversityofArkansas/comments/ffhsaq/help_students_learn_c_and_data_structure_with/

* USF d
  https://www.reddit.com/r/USF/comments/ffhz0v/help_students_learn_c_and_data_structure_with/

* UTAustin
  https://www.reddit.com/r/UTAustin/comments/ffhzpo/help_students_learn_c_and_data_structure_with/

* fsu d
  https://www.reddit.com/r/fsu/comments/ffi0ky/help_students_learn_c_and_data_structure_with/

* gatech d
  https://www.reddit.com/r/gatech/comments/ffi15u/help_students_learn_c_and_data_structure_with/

* msu
  https://www.reddit.com/r/msu/comments/ffi1og/help_students_learn_c_and_data_structure_with/

* nyu
  https://www.reddit.com/r/nyu/comments/ffi27a/help_students_learn_c_and_data_structure_with/

* uCinci
  https://www.reddit.com/r/uCinci/comments/ffi2p7/help_students_learn_c_and_data_structure_with/

* SDSU
  https://www.reddit.com/r/SDSU/comments/ffi38q/help_students_learn_c_and_data_structure_with/

* universityofauckland
  https://www.reddit.com/r/universityofauckland/comments/ffi3za/help_students_learn_c_and_data_structure_with/

* UVU
  https://www.reddit.com/r/UVU/comments/ffi4pm/help_students_learn_c_and_data_structure_with/

* simonfraser
  https://www.reddit.com/r/simonfraser/comments/ffi56y/help_students_learn_c_and_data_structure_with/
